#
# There is insufficient memory for the Java Runtime Environment to continue.
# Native memory allocation (mmap) failed to map 87031808 bytes for committing reserved memory.
# Possible reasons:
#   The system is out of physical RAM or swap space
#   The process is running with CompressedOops enabled, and the Java Heap may be blocking the growth of the native heap
# Possible solutions:
#   Reduce memory load on the system
#   Increase physical memory or swap space
#   Check if swap backing store is full
#   Decrease Java heap size (-Xmx/-Xms)
#   Decrease number of Java threads
#   Decrease Java thread stack sizes (-Xss)
#   Set larger code cache with -XX:ReservedCodeCacheSize=
#   JVM is running with Unscaled Compressed Oops mode in which the Java heap is
#     placed in the first 4GB address space. The Java Heap base address is the
#     maximum limit for the native heap growth. Please use -XX:HeapBaseMinAddress
#     to set the Java Heap base and to place the Java Heap above 4GB virtual address.
# This output file may be truncated or incomplete.
#
#  Out of Memory Error (os_linux.cpp:2720), pid=23750, tid=23762
#
# JRE version: Java(TM) SE Runtime Environment (11.0.2+9) (build 11.0.2+9-LTS)
# Java VM: Java HotSpot(TM) 64-Bit Server VM (11.0.2+9-LTS, mixed mode, tiered, compressed oops, g1 gc, linux-amd64)
# Core dump will be written. Default location: Core dumps may be processed with "/usr/share/apport/apport %p %s %c %d %P" (or dumping to /home/alessandro/eclipse-workspace/restaurant/core.23750)
#

---------------  S U M M A R Y ------------

Command Line: -Dfile.encoding=UTF-8 com.restaurant.restaurant.RestaurantApplication

Host: Intel(R) Celeron(R) CPU  N3060  @ 1.60GHz, 2 cores, 3G, Ubuntu 16.04.6 LTS
Time: Sat May 25 18:31:12 2019 -03 elapsed time: 92 seconds (0d 0h 1m 32s)

---------------  T H R E A D  ---------------

Current thread (0x00007f42580f0000):  VMThread "VM Thread" [stack: 0x00007f4238074000,0x00007f4238174000] [id=23762]

Stack: [0x00007f4238074000,0x00007f4238174000],  sp=0x00007f4238171f70,  free space=1015k
Native frames: (J=compiled Java code, A=aot compiled Java code, j=interpreted, Vv=VM code, C=native code)
V  [libjvm.so+0xe293b7]  VMError::report_and_die(int, char const*, char const*, __va_list_tag*, Thread*, unsigned char*, void*, void*, char const*, int, unsigned long)+0x317
V  [libjvm.so+0xe2a01b]  VMError::report_and_die(Thread*, char const*, int, unsigned long, VMErrorType, char const*, __va_list_tag*)+0x2b
V  [libjvm.so+0x69a4c5]  report_vm_out_of_memory(char const*, int, unsigned long, VMErrorType, char const*, ...)+0xd5
V  [libjvm.so+0xc03898]  os::pd_commit_memory_or_exit(char*, unsigned long, unsigned long, bool, char const*)+0x108
V  [libjvm.so+0xbfadfd]  os::commit_memory_or_exit(char*, unsigned long, unsigned long, bool, char const*)+0x1d
V  [libjvm.so+0x7b321c]  G1PageBasedVirtualSpace::commit_preferred_pages(unsigned long, unsigned long)+0x6c
V  [libjvm.so+0x7b34be]  G1PageBasedVirtualSpace::commit(unsigned long, unsigned long)+0x5e
V  [libjvm.so+0x7bf290]  G1RegionsLargerThanCommitSizeMapper::commit_regions(unsigned int, unsigned long, WorkGang*)+0x40
V  [libjvm.so+0x83acd9]  HeapRegionManager::commit_regions(unsigned int, unsigned long, WorkGang*)+0x89
V  [libjvm.so+0x83b92f]  HeapRegionManager::make_regions_available(unsigned int, unsigned int, WorkGang*)+0x3f
V  [libjvm.so+0x83bdb9]  HeapRegionManager::expand_at(unsigned int, unsigned int, WorkGang*) [clone .part.44]+0x119
V  [libjvm.so+0x777d3f]  G1CollectedHeap::expand(unsigned long, WorkGang*, double*)+0xdf
V  [libjvm.so+0x77ca7a]  G1CollectedHeap::do_collection_pause_at_safepoint(double)+0xa0a
V  [libjvm.so+0xe34fc1]  VM_G1CollectForAllocation::doit()+0x81
V  [libjvm.so+0xe33b57]  VM_Operation::evaluate()+0xe7
V  [libjvm.so+0xe3133f]  VMThread::evaluate_operation(VM_Operation*) [clone .constprop.54]+0xff
V  [libjvm.so+0xe31876]  VMThread::loop()+0x3e6
V  [libjvm.so+0xe31cbb]  VMThread::run()+0x7b
V  [libjvm.so+0xc09750]  thread_native_entry(Thread*)+0xf0

VM_Operation (0x00007f4221dfd010): G1CollectForAllocation, mode: safepoint, requested by thread 0x00007f4204002800


---------------  P R O C E S S  ---------------

Threads class SMR info:
_java_thread_list=0x00007f420ca394c0, length=16, elements={
0x00007f4258013000, 0x00007f42580f8000, 0x00007f42580fc800, 0x00007f4258110000,
0x00007f4258112000, 0x00007f4258114000, 0x00007f4258116000, 0x00007f425818b800,
0x00007f425819d000, 0x00007f4218001000, 0x00007f4258890800, 0x00007f4204002800,
0x00007f42080a2800, 0x00007f4218003000, 0x00007f421401a000, 0x00007f4214021000
}

Java Threads: ( => current thread )
  0x00007f4258013000 JavaThread "main" [_thread_blocked, id=23756, stack(0x00007f42603d7000,0x00007f42604d8000)]
  0x00007f42580f8000 JavaThread "Reference Handler" daemon [_thread_blocked, id=23763, stack(0x00007f4223eff000,0x00007f4224000000)]
  0x00007f42580fc800 JavaThread "Finalizer" daemon [_thread_blocked, id=23764, stack(0x00007f4223dfe000,0x00007f4223eff000)]
  0x00007f4258110000 JavaThread "Signal Dispatcher" daemon [_thread_blocked, id=23765, stack(0x00007f422333e000,0x00007f422343f000)]
  0x00007f4258112000 JavaThread "C2 CompilerThread0" daemon [_thread_blocked, id=23766, stack(0x00007f422323d000,0x00007f422333e000)]
  0x00007f4258114000 JavaThread "C1 CompilerThread0" daemon [_thread_blocked, id=23767, stack(0x00007f422313c000,0x00007f422323d000)]
  0x00007f4258116000 JavaThread "Sweeper thread" daemon [_thread_blocked, id=23768, stack(0x00007f422303b000,0x00007f422313c000)]
  0x00007f425818b800 JavaThread "Service Thread" daemon [_thread_blocked, id=23769, stack(0x00007f4222f3a000,0x00007f422303b000)]
  0x00007f425819d000 JavaThread "Common-Cleaner" daemon [_thread_blocked, id=23771, stack(0x00007f4222d38000,0x00007f4222e39000)]
  0x00007f4218001000 JavaThread "Attach Listener" daemon [_thread_blocked, id=23775, stack(0x00007f422250d000,0x00007f422260e000)]
  0x00007f4258890800 JavaThread "Thread-0" [_thread_blocked, id=23776, stack(0x00007f4221e01000,0x00007f4221f02000)]
  0x00007f4204002800 JavaThread "restartedMain" [_thread_blocked, id=23777, stack(0x00007f4221d00000,0x00007f4221e01000)]
  0x00007f42080a2800 JavaThread "RMI TCP Accept-0" daemon [_thread_in_native, id=23779, stack(0x00007f42216fb000,0x00007f42217fc000)]
  0x00007f4218003000 JavaThread "RMI TCP Connection(idle)" daemon [_thread_blocked, id=23782, stack(0x00007f4220bfa000,0x00007f4220cfb000)]
  0x00007f421401a000 JavaThread "RMI Scheduler(0)" daemon [_thread_blocked, id=23784, stack(0x00007f42207f8000,0x00007f42208f9000)]
  0x00007f4214021000 JavaThread "JMX server connection timeout 20" daemon [_thread_blocked, id=23785, stack(0x00007f42206f7000,0x00007f42207f8000)]

Other Threads:
=>0x00007f42580f0000 VMThread "VM Thread" [stack: 0x00007f4238074000,0x00007f4238174000] [id=23762]
  0x00007f4258196000 WatcherThread [stack: 0x00007f4222e3a000,0x00007f4222f3a000] [id=23770]
  0x00007f425803a800 GCTaskThread "GC Thread#0" [stack: 0x00007f425c9aa000,0x00007f425caaa000] [id=23757]
  0x00007f4228001000 GCTaskThread "GC Thread#1" [stack: 0x00007f422280f000,0x00007f422290f000] [id=23772]
  0x00007f4258054800 ConcurrentGCThread "G1 Main Marker" [stack: 0x00007f425c116000,0x00007f425c216000] [id=23758]
  0x00007f4258056800 ConcurrentGCThread "G1 Conc#0" [stack: 0x00007f425c015000,0x00007f425c115000] [id=23759]
  0x00007f4258090000 ConcurrentGCThread "G1 Refine#0" [stack: 0x00007f4240940000,0x00007f4240a40000] [id=23760]
  0x00007f4258091800 ConcurrentGCThread "G1 Young RemSet Sampling" [stack: 0x00007f424083f000,0x00007f424093f000] [id=23761]

Threads with active compile tasks:

VM state:at safepoint (normal execution)

VM Mutex/Monitor currently owned by a thread:  ([mutex/lock_event])
[0x00007f425800f0e0] Threads_lock - owner thread: 0x00007f42580f0000
[0x00007f425800f830] Heap_lock - owner thread: 0x00007f4204002800

Heap address: 0x00000000c4a00000, size: 950 MB, Compressed Oops mode: 32-bit
Narrow klass base: 0x0000000000000000, Narrow klass shift: 3
Compressed class space size: 1073741824 Address: 0x0000000100000000

Heap:
 garbage-first heap   total 174080K, used 17476K [0x00000000c4a00000, 0x0000000100000000)
  region size 1024K, 2 young (2048K), 2 survivors (2048K)
 Metaspace       used 40128K, capacity 41309K, committed 41600K, reserved 1085440K
  class space    used 4710K, capacity 5163K, committed 5248K, reserved 1048576K
Heap Regions: E=young(eden), S=young(survivor), O=old, HS=humongous(starts), HC=humongous(continues), CS=collection set, F=free, A=archive, TAMS=top-at-mark-start (previous, next)
|   0|0x00000000c4a00000, 0x00000000c4b00000, 0x00000000c4b00000|100%|HS|  |TAMS 0x00000000c4b00000, 0x00000000c4a00000| Complete 
|   1|0x00000000c4b00000, 0x00000000c4c00000, 0x00000000c4c00000|100%| O|  |TAMS 0x00000000c4c00000, 0x00000000c4b00000| Untracked 
|   2|0x00000000c4c00000, 0x00000000c4d00000, 0x00000000c4d00000|100%| O|  |TAMS 0x00000000c4d00000, 0x00000000c4c00000| Untracked 
|   3|0x00000000c4d00000, 0x00000000c4e00000, 0x00000000c4e00000|100%| O|  |TAMS 0x00000000c4e00000, 0x00000000c4d00000| Untracked 
|   4|0x00000000c4e00000, 0x00000000c4f00000, 0x00000000c4f00000|100%| O|  |TAMS 0x00000000c4f00000, 0x00000000c4e00000| Untracked 
|   5|0x00000000c4f00000, 0x00000000c5000000, 0x00000000c5000000|100%| O|  |TAMS 0x00000000c5000000, 0x00000000c4f00000| Untracked 
|   6|0x00000000c5000000, 0x00000000c5100000, 0x00000000c5100000|100%| O|  |TAMS 0x00000000c5100000, 0x00000000c5000000| Untracked 
|   7|0x00000000c5100000, 0x00000000c5200000, 0x00000000c5200000|100%| O|  |TAMS 0x00000000c5200000, 0x00000000c5100000| Untracked 
|   8|0x00000000c5200000, 0x00000000c5300000, 0x00000000c5300000|100%| O|  |TAMS 0x00000000c5300000, 0x00000000c5200000| Untracked 
|   9|0x00000000c5300000, 0x00000000c5400000, 0x00000000c5400000|100%| O|  |TAMS 0x00000000c5400000, 0x00000000c5300000| Untracked 
|  10|0x00000000c5400000, 0x00000000c5500000, 0x00000000c5500000|100%| O|  |TAMS 0x00000000c54c8000, 0x00000000c5400000| Untracked 
|  11|0x00000000c5500000, 0x00000000c5600000, 0x00000000c5600000|100%| O|  |TAMS 0x00000000c5500000, 0x00000000c5500000| Untracked 
|  12|0x00000000c5600000, 0x00000000c5700000, 0x00000000c5700000|100%| O|  |TAMS 0x00000000c5600000, 0x00000000c5600000| Untracked 
|  13|0x00000000c5700000, 0x00000000c5800000, 0x00000000c5800000|100%| O|  |TAMS 0x00000000c5700000, 0x00000000c5700000| Untracked 
|  14|0x00000000c5800000, 0x00000000c5900000, 0x00000000c5900000|100%| O|  |TAMS 0x00000000c5800000, 0x00000000c5800000| Untracked 
|  15|0x00000000c5900000, 0x00000000c59ba000, 0x00000000c5a00000| 72%| O|  |TAMS 0x00000000c5900000, 0x00000000c5900000| Untracked 
|  16|0x00000000c5a00000, 0x00000000c5a00000, 0x00000000c5b00000|  0%| F|  |TAMS 0x00000000c5a00000, 0x00000000c5a00000| Untracked 
|  17|0x00000000c5b00000, 0x00000000c5b00000, 0x00000000c5c00000|  0%| F|  |TAMS 0x00000000c5b00000, 0x00000000c5b00000| Untracked 
|  18|0x00000000c5c00000, 0x00000000c5c00000, 0x00000000c5d00000|  0%| F|  |TAMS 0x00000000c5c00000, 0x00000000c5c00000| Untracked 
|  19|0x00000000c5d00000, 0x00000000c5d00000, 0x00000000c5e00000|  0%| F|  |TAMS 0x00000000c5d00000, 0x00000000c5d00000| Untracked 
|  20|0x00000000c5e00000, 0x00000000c5e00000, 0x00000000c5f00000|  0%| F|  |TAMS 0x00000000c5e00000, 0x00000000c5e00000| Untracked 
|  21|0x00000000c5f00000, 0x00000000c5f00000, 0x00000000c6000000|  0%| F|  |TAMS 0x00000000c5f00000, 0x00000000c5f00000| Untracked 
|  22|0x00000000c6000000, 0x00000000c6000000, 0x00000000c6100000|  0%| F|  |TAMS 0x00000000c6000000, 0x00000000c6000000| Untracked 
|  23|0x00000000c6100000, 0x00000000c6100000, 0x00000000c6200000|  0%| F|  |TAMS 0x00000000c6100000, 0x00000000c6100000| Untracked 
|  24|0x00000000c6200000, 0x00000000c6200000, 0x00000000c6300000|  0%| F|  |TAMS 0x00000000c6200000, 0x00000000c6200000| Untracked 
|  25|0x00000000c6300000, 0x00000000c6300000, 0x00000000c6400000|  0%| F|  |TAMS 0x00000000c6300000, 0x00000000c6300000| Untracked 
|  26|0x00000000c6400000, 0x00000000c6400000, 0x00000000c6500000|  0%| F|  |TAMS 0x00000000c6400000, 0x00000000c6400000| Untracked 
|  27|0x00000000c6500000, 0x00000000c6500000, 0x00000000c6600000|  0%| F|  |TAMS 0x00000000c6500000, 0x00000000c6500000| Untracked 
|  28|0x00000000c6600000, 0x00000000c6600000, 0x00000000c6700000|  0%| F|  |TAMS 0x00000000c6600000, 0x00000000c6600000| Untracked 
|  29|0x00000000c6700000, 0x00000000c6700000, 0x00000000c6800000|  0%| F|  |TAMS 0x00000000c6700000, 0x00000000c6700000| Untracked 
|  30|0x00000000c6800000, 0x00000000c6800000, 0x00000000c6900000|  0%| F|  |TAMS 0x00000000c6800000, 0x00000000c6800000| Untracked 
|  31|0x00000000c6900000, 0x00000000c6900000, 0x00000000c6a00000|  0%| F|  |TAMS 0x00000000c6900000, 0x00000000c6900000| Untracked 
|  32|0x00000000c6a00000, 0x00000000c6a00000, 0x00000000c6b00000|  0%| F|  |TAMS 0x00000000c6a00000, 0x00000000c6a00000| Untracked 
|  33|0x00000000c6b00000, 0x00000000c6b00000, 0x00000000c6c00000|  0%| F|  |TAMS 0x00000000c6b00000, 0x00000000c6b00000| Untracked 
|  34|0x00000000c6c00000, 0x00000000c6c00000, 0x00000000c6d00000|  0%| F|  |TAMS 0x00000000c6c00000, 0x00000000c6c00000| Untracked 
|  35|0x00000000c6d00000, 0x00000000c6d00000, 0x00000000c6e00000|  0%| F|  |TAMS 0x00000000c6d00000, 0x00000000c6d00000| Untracked 
|  36|0x00000000c6e00000, 0x00000000c6e00000, 0x00000000c6f00000|  0%| F|  |TAMS 0x00000000c6e00000, 0x00000000c6e00000| Untracked 
|  37|0x00000000c6f00000, 0x00000000c6f00000, 0x00000000c7000000|  0%| F|  |TAMS 0x00000000c6f00000, 0x00000000c6f00000| Untracked 
|  38|0x00000000c7000000, 0x00000000c7000000, 0x00000000c7100000|  0%| F|  |TAMS 0x00000000c7000000, 0x00000000c7000000| Untracked 
|  39|0x00000000c7100000, 0x00000000c7100000, 0x00000000c7200000|  0%| F|  |TAMS 0x00000000c7100000, 0x00000000c7100000| Untracked 
|  40|0x00000000c7200000, 0x00000000c7200000, 0x00000000c7300000|  0%| F|  |TAMS 0x00000000c7200000, 0x00000000c7200000| Untracked 
|  41|0x00000000c7300000, 0x00000000c7300000, 0x00000000c7400000|  0%| F|  |TAMS 0x00000000c7300000, 0x00000000c7300000| Untracked 
|  42|0x00000000c7400000, 0x00000000c7400000, 0x00000000c7500000|  0%| F|  |TAMS 0x00000000c7400000, 0x00000000c7400000| Untracked 
|  43|0x00000000c7500000, 0x00000000c7500000, 0x00000000c7600000|  0%| F|  |TAMS 0x00000000c7500000, 0x00000000c7500000| Untracked 
|  44|0x00000000c7600000, 0x00000000c7600000, 0x00000000c7700000|  0%| F|  |TAMS 0x00000000c7600000, 0x00000000c7600000| Untracked 
|  45|0x00000000c7700000, 0x00000000c7700000, 0x00000000c7800000|  0%| F|  |TAMS 0x00000000c7700000, 0x00000000c7700000| Untracked 
|  46|0x00000000c7800000, 0x00000000c7800000, 0x00000000c7900000|  0%| F|  |TAMS 0x00000000c7800000, 0x00000000c7800000| Untracked 
|  47|0x00000000c7900000, 0x00000000c7900000, 0x00000000c7a00000|  0%| F|  |TAMS 0x00000000c7900000, 0x00000000c7900000| Untracked 
|  48|0x00000000c7a00000, 0x00000000c7a00000, 0x00000000c7b00000|  0%| F|  |TAMS 0x00000000c7a00000, 0x00000000c7a00000| Untracked 
|  49|0x00000000c7b00000, 0x00000000c7b00000, 0x00000000c7c00000|  0%| F|  |TAMS 0x00000000c7b00000, 0x00000000c7b00000| Untracked 
|  50|0x00000000c7c00000, 0x00000000c7c00000, 0x00000000c7d00000|  0%| F|  |TAMS 0x00000000c7c00000, 0x00000000c7c00000| Untracked 
|  51|0x00000000c7d00000, 0x00000000c7d00000, 0x00000000c7e00000|  0%| F|  |TAMS 0x00000000c7d00000, 0x00000000c7d00000| Untracked 
|  52|0x00000000c7e00000, 0x00000000c7e00000, 0x00000000c7f00000|  0%| F|  |TAMS 0x00000000c7e00000, 0x00000000c7e00000| Untracked 
|  53|0x00000000c7f00000, 0x00000000c7f00000, 0x00000000c8000000|  0%| F|  |TAMS 0x00000000c7f00000, 0x00000000c7f00000| Untracked 
|  54|0x00000000c8000000, 0x00000000c8000000, 0x00000000c8100000|  0%| F|  |TAMS 0x00000000c8000000, 0x00000000c8000000| Untracked 
|  55|0x00000000c8100000, 0x00000000c8100000, 0x00000000c8200000|  0%| F|  |TAMS 0x00000000c8100000, 0x00000000c8100000| Untracked 
|  56|0x00000000c8200000, 0x00000000c8200000, 0x00000000c8300000|  0%| F|  |TAMS 0x00000000c8200000, 0x00000000c8200000| Untracked 
|  57|0x00000000c8300000, 0x00000000c8300000, 0x00000000c8400000|  0%| F|  |TAMS 0x00000000c8300000, 0x00000000c8300000| Untracked 
|  58|0x00000000c8400000, 0x00000000c8400000, 0x00000000c8500000|  0%| F|  |TAMS 0x00000000c8400000, 0x00000000c8400000| Untracked 
|  59|0x00000000c8500000, 0x00000000c8500000, 0x00000000c8600000|  0%| F|  |TAMS 0x00000000c8500000, 0x00000000c8500000| Untracked 
|  60|0x00000000c8600000, 0x00000000c8600000, 0x00000000c8700000|  0%| F|  |TAMS 0x00000000c8600000, 0x00000000c8600000| Untracked 
|  61|0x00000000c8700000, 0x00000000c87571f0, 0x00000000c8800000| 34%| S|CS|TAMS 0x00000000c8700000, 0x00000000c8700000| Complete 
|  62|0x00000000c8800000, 0x00000000c8900000, 0x00000000c8900000|100%| S|CS|TAMS 0x00000000c8800000, 0x00000000c8800000| Complete 
|  63|0x00000000c8900000, 0x00000000c8900000, 0x00000000c8a00000|  0%| F|  |TAMS 0x00000000c8900000, 0x00000000c8900000| Untracked 
|  64|0x00000000c8a00000, 0x00000000c8a00000, 0x00000000c8b00000|  0%| F|  |TAMS 0x00000000c8a00000, 0x00000000c8a00000| Untracked 
|  65|0x00000000c8b00000, 0x00000000c8b00000, 0x00000000c8c00000|  0%| F|  |TAMS 0x00000000c8b00000, 0x00000000c8b00000| Untracked 
|  66|0x00000000c8c00000, 0x00000000c8c00000, 0x00000000c8d00000|  0%| F|  |TAMS 0x00000000c8c00000, 0x00000000c8c00000| Untracked 
|  67|0x00000000c8d00000, 0x00000000c8d00000, 0x00000000c8e00000|  0%| F|  |TAMS 0x00000000c8d00000, 0x00000000c8d00000| Untracked 
|  68|0x00000000c8e00000, 0x00000000c8e00000, 0x00000000c8f00000|  0%| F|  |TAMS 0x00000000c8e00000, 0x00000000c8e00000| Untracked 
|  69|0x00000000c8f00000, 0x00000000c8f00000, 0x00000000c9000000|  0%| F|  |TAMS 0x00000000c8f00000, 0x00000000c8f00000| Untracked 
|  70|0x00000000c9000000, 0x00000000c9000000, 0x00000000c9100000|  0%| F|  |TAMS 0x00000000c9000000, 0x00000000c9000000| Untracked 
|  71|0x00000000c9100000, 0x00000000c9100000, 0x00000000c9200000|  0%| F|  |TAMS 0x00000000c9100000, 0x00000000c9100000| Untracked 
|  72|0x00000000c9200000, 0x00000000c9200000, 0x00000000c9300000|  0%| F|  |TAMS 0x00000000c9200000, 0x00000000c9200000| Untracked 
|  73|0x00000000c9300000, 0x00000000c9300000, 0x00000000c9400000|  0%| F|  |TAMS 0x00000000c9300000, 0x00000000c9300000| Untracked 
|  74|0x00000000c9400000, 0x00000000c9400000, 0x00000000c9500000|  0%| F|  |TAMS 0x00000000c9400000, 0x00000000c9400000| Untracked 
|  75|0x00000000c9500000, 0x00000000c9500000, 0x00000000c9600000|  0%| F|  |TAMS 0x00000000c9500000, 0x00000000c9500000| Untracked 
|  76|0x00000000c9600000, 0x00000000c9600000, 0x00000000c9700000|  0%| F|  |TAMS 0x00000000c9600000, 0x00000000c9600000| Untracked 
|  77|0x00000000c9700000, 0x00000000c9700000, 0x00000000c9800000|  0%| F|  |TAMS 0x00000000c9700000, 0x00000000c9700000| Untracked 
|  78|0x00000000c9800000, 0x00000000c9800000, 0x00000000c9900000|  0%| F|  |TAMS 0x00000000c9800000, 0x00000000c9800000| Untracked 
|  79|0x00000000c9900000, 0x00000000c9900000, 0x00000000c9a00000|  0%| F|  |TAMS 0x00000000c9900000, 0x00000000c9900000| Untracked 
|  80|0x00000000c9a00000, 0x00000000c9a00000, 0x00000000c9b00000|  0%| F|  |TAMS 0x00000000c9a00000, 0x00000000c9a00000| Untracked 
|  81|0x00000000c9b00000, 0x00000000c9b00000, 0x00000000c9c00000|  0%| F|  |TAMS 0x00000000c9b00000, 0x00000000c9b00000| Untracked 
|  82|0x00000000c9c00000, 0x00000000c9c00000, 0x00000000c9d00000|  0%| F|  |TAMS 0x00000000c9c00000, 0x00000000c9c00000| Untracked 
|  83|0x00000000c9d00000, 0x00000000c9d00000, 0x00000000c9e00000|  0%| F|  |TAMS 0x00000000c9d00000, 0x00000000c9d00000| Untracked 
|  84|0x00000000c9e00000, 0x00000000c9e00000, 0x00000000c9f00000|  0%| F|  |TAMS 0x00000000c9e00000, 0x00000000c9e00000| Untracked 
|  85|0x00000000c9f00000, 0x00000000c9f00000, 0x00000000ca000000|  0%| F|  |TAMS 0x00000000c9f00000, 0x00000000c9f00000| Untracked 
|  86|0x00000000ca000000, 0x00000000ca000000, 0x00000000ca100000|  0%| F|  |TAMS 0x00000000ca000000, 0x00000000ca000000| Untracked 

Card table byte_map: [0x00007f425c3f1000,0x00007f425c5cc000] _byte_map_base: 0x00007f425bdcc000

Marking Bits (Prev, Next): (CMBitMap*) 0x00007f425804ff28, (CMBitMap*) 0x00007f425804ff60
 Prev Bits: [0x00007f423b128000, 0x00007f423c000000)
 Next Bits: [0x00007f423a250000, 0x00007f423b128000)

Polling page: 0x00007f42604f7000

Metaspace:

Usage:
  Non-class:     35,30 MB capacity,    34,59 MB ( 98%) used,   602,50 KB (  2%) free+waste,   125,94 KB ( <1%) overhead. 
      Class:      5,04 MB capacity,     4,60 MB ( 91%) used,   392,48 KB (  8%) free+waste,    59,62 KB (  1%) overhead. 
       Both:     40,34 MB capacity,    39,19 MB ( 97%) used,   994,98 KB (  2%) free+waste,   185,56 KB ( <1%) overhead. 

Virtual space:
  Non-class space:       36,00 MB reserved,      35,50 MB ( 99%) committed 
      Class space:        1,00 GB reserved,       5,12 MB ( <1%) committed 
             Both:        1,04 GB reserved,      40,62 MB (  4%) committed 

Chunk freelists:
   Non-Class:  1,75 KB
       Class:  2,62 KB
        Both:  4,38 KB

CodeHeap 'non-profiled nmethods': size=120036Kb used=1955Kb max_used=1955Kb free=118080Kb
 bounds [0x00007f4248709000, 0x00007f4248979000, 0x00007f424fc42000]
CodeHeap 'profiled nmethods': size=120032Kb used=8173Kb max_used=8173Kb free=111858Kb
 bounds [0x00007f42411d1000, 0x00007f42419d1000, 0x00007f4248709000]
CodeHeap 'non-nmethods': size=5692Kb used=1140Kb max_used=1178Kb free=4551Kb
 bounds [0x00007f4240c42000, 0x00007f4240eb2000, 0x00007f42411d1000]
 total_blobs=5187 nmethods=3731 adapters=416
 compilation: enabled
              stopped_count=0, restarted_count=0
 full_count=0

Compilation events (10 events):
Event: 89,916 Thread 0x00007f4258112000 3834       4       java.util.Arrays::copyOf (40 bytes)
Event: 89,925 Thread 0x00007f4258112000 nmethod 3834 0x00007f42488f1790 code [0x00007f42488f1940, 0x00007f42488f1d18]
Event: 90,126 Thread 0x00007f4258114000 3837       3       java.io.UnixFileSystem::isAbsolute (13 bytes)
Event: 90,127 Thread 0x00007f4258114000 nmethod 3837 0x00007f42419cc990 code [0x00007f42419ccb40, 0x00007f42419ccd30]
Event: 90,292 Thread 0x00007f4258114000 3838   !   3       java.util.zip.Inflater::getBytesWritten (23 bytes)
Event: 90,293 Thread 0x00007f4258114000 nmethod 3838 0x00007f42419cce10 code [0x00007f42419ccfe0, 0x00007f42419cd328]
Event: 90,605 Thread 0x00007f4258114000 3839       3       java.util.jar.JarEntry::<init> (6 bytes)
Event: 90,605 Thread 0x00007f4258114000 nmethod 3839 0x00007f42419cd490 code [0x00007f42419cd640, 0x00007f42419cd7c8]
Event: 91,005 Thread 0x00007f4258114000 3840       3       java.util.zip.ZipUtils::get16 (21 bytes)
Event: 91,005 Thread 0x00007f4258114000 nmethod 3840 0x00007f42419cd890 code [0x00007f42419cda40, 0x00007f42419cdbd0]

GC Heap History (10 events):
Event: 12,408 GC heap after
{Heap after GC invocations=11 (full 0):
 garbage-first heap   total 73728K, used 12065K [0x00000000c4a00000, 0x0000000100000000)
  region size 1024K, 3 young (3072K), 3 survivors (3072K)
 Metaspace       used 31500K, capacity 32291K, committed 32512K, reserved 1077248K
  class space    used 3647K, capacity 3974K, committed 4096K, reserved 1048576K
}
Event: 15,495 GC heap before
{Heap before GC invocations=11 (full 0):
 garbage-first heap   total 73728K, used 48929K [0x00000000c4a00000, 0x0000000100000000)
  region size 1024K, 40 young (40960K), 3 survivors (3072K)
 Metaspace       used 33726K, capacity 34605K, committed 34816K, reserved 1079296K
  class space    used 3940K, capacity 4290K, committed 4352K, reserved 1048576K
}
Event: 15,803 GC heap after
{Heap after GC invocations=12 (full 0):
 garbage-first heap   total 89088K, used 13488K [0x00000000c4a00000, 0x0000000100000000)
  region size 1024K, 4 young (4096K), 4 survivors (4096K)
 Metaspace       used 33726K, capacity 34605K, committed 34816K, reserved 1079296K
  class space    used 3940K, capacity 4290K, committed 4352K, reserved 1048576K
}
Event: 16,623 GC heap before
{Heap before GC invocations=12 (full 0):
 garbage-first heap   total 89088K, used 21680K [0x00000000c4a00000, 0x0000000100000000)
  region size 1024K, 13 young (13312K), 4 survivors (4096K)
 Metaspace       used 34819K, capacity 35682K, committed 35840K, reserved 1081344K
  class space    used 4085K, capacity 4455K, committed 4480K, reserved 1048576K
}
Event: 16,652 GC heap after
{Heap after GC invocations=13 (full 0):
 garbage-first heap   total 89088K, used 13769K [0x00000000c4a00000, 0x0000000100000000)
  region size 1024K, 3 young (3072K), 3 survivors (3072K)
 Metaspace       used 34819K, capacity 35682K, committed 35840K, reserved 1081344K
  class space    used 4085K, capacity 4455K, committed 4480K, reserved 1048576K
}
Event: 70,910 GC heap before
{Heap before GC invocations=14 (full 0):
 garbage-first heap   total 89088K, used 50633K [0x00000000c4a00000, 0x0000000100000000)
  region size 1024K, 39 young (39936K), 3 survivors (3072K)
 Metaspace       used 38708K, capacity 39829K, committed 40064K, reserved 1085440K
  class space    used 4564K, capacity 4992K, committed 4992K, reserved 1048576K
}
Event: 71,089 GC heap after
{Heap after GC invocations=15 (full 0):
 garbage-first heap   total 89088K, used 16160K [0x00000000c4a00000, 0x0000000100000000)
  region size 1024K, 5 young (5120K), 5 survivors (5120K)
 Metaspace       used 38708K, capacity 39829K, committed 40064K, reserved 1085440K
  class space    used 4564K, capacity 4992K, committed 4992K, reserved 1048576K
}
Event: 77,375 GC heap before
{Heap before GC invocations=15 (full 0):
 garbage-first heap   total 89088K, used 53024K [0x00000000c4a00000, 0x0000000100000000)
  region size 1024K, 42 young (43008K), 5 survivors (5120K)
 Metaspace       used 39247K, capacity 40350K, committed 40448K, reserved 1085440K
  class space    used 4623K, capacity 5059K, committed 5120K, reserved 1048576K
}
Event: 78,096 GC heap after
{Heap after GC invocations=16 (full 0):
 garbage-first heap   total 89088K, used 16589K [0x00000000c4a00000, 0x0000000100000000)
  region size 1024K, 4 young (4096K), 4 survivors (4096K)
 Metaspace       used 39247K, capacity 40350K, committed 40448K, reserved 1085440K
  class space    used 4623K, capacity 5059K, committed 5120K, reserved 1048576K
}
Event: 91,538 GC heap before
{Heap before GC invocations=16 (full 0):
 garbage-first heap   total 89088K, used 40141K [0x00000000c4a00000, 0x0000000100000000)
  region size 1024K, 28 young (28672K), 4 survivors (4096K)
 Metaspace       used 40128K, capacity 41309K, committed 41600K, reserved 1085440K
  class space    used 4710K, capacity 5163K, committed 5248K, reserved 1048576K
}

Deoptimization events (10 events):
Event: 66,258 Thread 0x00007f4204002800 Uncommon trap: reason=class_check action=maybe_recompile pc=0x00007f4248885228 method=org.springframework.core.annotation.AnnotationUtils.getDeclaredAnnotations(Ljava/lang/reflect/AnnotatedElement;)[Ljava/lang/annotation/Annotation; @ 33 c2
Event: 71,097 Thread 0x00007f4204002800 Uncommon trap: reason=unstable_if action=reinterpret pc=0x00007f42487d7560 method=java.util.Properties.loadConvert([CII[C)Ljava/lang/String; @ 97 c2
Event: 71,097 Thread 0x00007f4204002800 Uncommon trap: reason=unstable_if action=reinterpret pc=0x00007f42487fbf54 method=java.lang.StringUTF16.compress([CII)[B @ 13 c2
Event: 71,586 Thread 0x00007f4204002800 Uncommon trap: reason=unstable_if action=reinterpret pc=0x00007f424882d3c8 method=java.io.File.getName()Ljava/lang/String; @ 16 c2
Event: 89,597 Thread 0x00007f4204002800 Uncommon trap: reason=unstable_if action=reinterpret pc=0x00007f4248838ce0 method=java.io.UnixFileSystem.resolve(Ljava/lang/String;Ljava/lang/String;)Ljava/lang/String; @ 6 c2
Event: 89,648 Thread 0x00007f4204002800 Uncommon trap: reason=null_check action=make_not_entrant pc=0x00007f42487bb23c method=java.net.URL.getURLStreamHandler(Ljava/lang/String;)Ljava/net/URLStreamHandler; @ 7 c2
Event: 89,818 Thread 0x00007f4204002800 Uncommon trap: reason=class_check action=maybe_recompile pc=0x00007f42487f65cc method=java.util.zip.InflaterInputStream.read([BII)I @ 100 c2
Event: 90,126 Thread 0x00007f4204002800 Uncommon trap: reason=class_check action=maybe_recompile pc=0x00007f42487f65cc method=java.util.zip.InflaterInputStream.read([BII)I @ 100 c2
Event: 90,285 Thread 0x00007f4204002800 Uncommon trap: reason=class_check action=maybe_recompile pc=0x00007f42487f65cc method=java.util.zip.InflaterInputStream.read([BII)I @ 100 c2
Event: 90,286 Thread 0x00007f4204002800 Uncommon trap: reason=class_check action=maybe_recompile pc=0x00007f42487f65cc method=java.util.zip.InflaterInputStream.read([BII)I @ 100 c2

Classes redefined (0 events):
No events

Internal exceptions (10 events):
Event: 18,115 Thread 0x00007f4204002800 Exception <a 'java/lang/ClassNotFoundException'{0x00000000c8db1e70}: org/springframework/beans/factory/AwareCustomizer> (0x00000000c8db1e70) thrown at [/scratch/opt/mach5/mesos/work_dir/slaves/2dd962d0-8988-479b-a804-57ab764ada59-S1222/frameworks/1735e8a2
Event: 50,116 Thread 0x00007f4204002800 Implicit null exception at 0x00007f4248816410 to 0x00007f4248817b52
Event: 52,369 Thread 0x00007f4204002800 Implicit null exception at 0x00007f424886e8d7 to 0x00007f424886eae2
Event: 53,807 Thread 0x00007f4204002800 Exception <a 'java/lang/NoSuchMethodError'{0x00000000c86c0738}: java.lang.invoke.DirectMethodHandle$Holder.invokeSpecial(Ljava/lang/Object;Ljava/lang/Object;Ljava/lang/Object;Ljava/lang/Object;Ljava/lang/Object;Ljava/lang/Object;I)Ljava/lang/Object;> (0x0
Event: 53,810 Thread 0x00007f4204002800 Exception <a 'java/lang/NoSuchMethodError'{0x00000000c86ca6e8}: java.lang.invoke.DirectMethodHandle$Holder.invokeSpecial(Ljava/lang/Object;Ljava/lang/Object;Ljava/lang/Object;Ljava/lang/Object;Ljava/lang/Object;Ljava/lang/Object;Ljava/lang/Object;I)Ljava/
Event: 53,811 Thread 0x00007f4204002800 Exception <a 'java/lang/NoSuchMethodError'{0x00000000c86ceae0}: java.lang.invoke.Invokers$Holder.linkToTargetMethod(Ljava/lang/Object;Ljava/lang/Object;Ljava/lang/Object;Ljava/lang/Object;Ljava/lang/Object;ILjava/lang/Object;)Ljava/lang/Object;> (0x000000
Event: 62,243 Thread 0x00007f4204002800 Exception <a 'java/lang/NoSuchMethodError'{0x00000000c8309d98}: java.lang.invoke.DirectMethodHandle$Holder.invokeInterface(Ljava/lang/Object;Ljava/lang/Object;I)V> (0x00000000c8309d98) thrown at [/scratch/opt/mach5/mesos/work_dir/slaves/2dd962d0-8988-479b
Event: 62,261 Thread 0x00007f4204002800 Exception <a 'java/lang/NoSuchMethodError'{0x00000000c834dde0}: java.lang.invoke.DirectMethodHandle$Holder.invokeStatic(Ljava/lang/Object;ILjava/lang/Object;)V> (0x00000000c834dde0) thrown at [/scratch/opt/mach5/mesos/work_dir/slaves/2dd962d0-8988-479b-a8
Event: 62,270 Thread 0x00007f4204002800 Exception <a 'java/lang/NoSuchMethodError'{0x00000000c8370a10}: java.lang.invoke.DirectMethodHandle$Holder.invokeVirtual(Ljava/lang/Object;Ljava/lang/Object;)I> (0x00000000c8370a10) thrown at [/scratch/opt/mach5/mesos/work_dir/slaves/2dd962d0-8988-479b-a8
Event: 89,609 Thread 0x00007f4204002800 Implicit null exception at 0x00007f42487b7ef4 to 0x00007f42487bb232

Events (10 events):
Event: 90,126 Thread 0x00007f4204002800 DEOPT UNPACKING pc=0x00007f4240c69b1f sp=0x00007f4221dfd170 mode 2
Event: 90,285 Thread 0x00007f4204002800 Uncommon trap: trap_request=0xffffffde fr.pc=0x00007f42487f65cc relative=0x000000000000120c
Event: 90,285 Thread 0x00007f4204002800 DEOPT PACKING pc=0x00007f42487f65cc sp=0x00007f4221dfd2d0
Event: 90,285 Thread 0x00007f4204002800 DEOPT UNPACKING pc=0x00007f4240c69b1f sp=0x00007f4221dfd330 mode 2
Event: 90,286 Thread 0x00007f4204002800 Uncommon trap: trap_request=0xffffffde fr.pc=0x00007f42487f65cc relative=0x000000000000120c
Event: 90,286 Thread 0x00007f4204002800 DEOPT PACKING pc=0x00007f42487f65cc sp=0x00007f4221dfd110
Event: 90,286 Thread 0x00007f4204002800 DEOPT UNPACKING pc=0x00007f4240c69b1f sp=0x00007f4221dfd170 mode 2
Event: 91,004 loading class org/apache/catalina/util/Extension
Event: 91,004 loading class org/apache/catalina/util/Extension done
Event: 91,322 Executing VM operation: G1CollectForAllocation


Dynamic libraries:
00400000-00401000 r-xp 00000000 08:02 14423214                           /usr/lib/jvm/java-11-oracle/bin/java
00600000-00601000 r--p 00000000 08:02 14423214                           /usr/lib/jvm/java-11-oracle/bin/java
00601000-00602000 rw-p 00001000 08:02 14423214                           /usr/lib/jvm/java-11-oracle/bin/java
016f6000-01717000 rw-p 00000000 00:00 0                                  [heap]
c4a00000-ca100000 rw-p 00000000 00:00 0 
cf400000-100000000 ---p 00000000 00:00 0 
100000000-100520000 rw-p 00000000 00:00 0 
100520000-140000000 ---p 00000000 00:00 0 
7f41fc000000-7f41fc021000 rw-p 00000000 00:00 0 
7f41fc021000-7f4200000000 ---p 00000000 00:00 0 
7f42039bc000-7f4203d80000 rw-p 00000000 00:00 0 
7f4203d80000-7f4203e00000 ---p 00000000 00:00 0 
7f4203e00000-7f4204000000 rw-p 00000000 00:00 0 
7f4204000000-7f4204021000 rw-p 00000000 00:00 0 
7f4204021000-7f4208000000 ---p 00000000 00:00 0 
7f4208000000-7f42080ba000 rw-p 00000000 00:00 0 
7f42080ba000-7f420c000000 ---p 00000000 00:00 0 
7f420c000000-7f420e12c000 rw-p 00000000 00:00 0 
7f420e12c000-7f4210000000 ---p 00000000 00:00 0 
7f4210000000-7f4210e7a000 rw-p 00000000 00:00 0 
7f4210e7a000-7f4214000000 ---p 00000000 00:00 0 
7f4214000000-7f4214034000 rw-p 00000000 00:00 0 
7f4214034000-7f4218000000 ---p 00000000 00:00 0 
7f4218000000-7f4218021000 rw-p 00000000 00:00 0 
7f4218021000-7f421c000000 ---p 00000000 00:00 0 
7f421c000000-7f421c052000 rw-p 00000000 00:00 0 
7f421c052000-7f4220000000 ---p 00000000 00:00 0 
7f42200f7000-7f42202f7000 rw-p 00000000 00:00 0 
7f42202f7000-7f42204f7000 rw-p 00000000 00:00 0 
7f42204f7000-7f42206f7000 rw-p 00000000 00:00 0 
7f42206f7000-7f42206fb000 ---p 00000000 00:00 0 
7f42206fb000-7f42207f8000 rw-p 00000000 00:00 0 
7f42207f8000-7f42207fc000 ---p 00000000 00:00 0 
7f42207fc000-7f42208f9000 rw-p 00000000 00:00 0 
7f42208f9000-7f42208fd000 ---p 00000000 00:00 0 
7f42208fd000-7f4220bfa000 rw-p 00000000 00:00 0 
7f4220bfa000-7f4220bfe000 ---p 00000000 00:00 0 
7f4220bfe000-7f4220efb000 rw-p 00000000 00:00 0 
7f4220efb000-7f42210fb000 rw-p 00000000 00:00 0 
7f42210fb000-7f42212fb000 rw-p 00000000 00:00 0 
7f42212fb000-7f42214fb000 rw-p 00000000 00:00 0 
7f42214fb000-7f42216fb000 rw-p 00000000 00:00 0 
7f42216fb000-7f42216ff000 ---p 00000000 00:00 0 
7f42216ff000-7f42217fc000 rw-p 00000000 00:00 0 
7f42217fc000-7f42217fe000 r-xp 00000000 08:02 14427928                   /usr/lib/jvm/java-11-oracle/lib/libextnet.so
7f42217fe000-7f42219fd000 ---p 00002000 08:02 14427928                   /usr/lib/jvm/java-11-oracle/lib/libextnet.so
7f42219fd000-7f42219fe000 r--p 00001000 08:02 14427928                   /usr/lib/jvm/java-11-oracle/lib/libextnet.so
7f42219fe000-7f42219ff000 rw-p 00002000 08:02 14427928                   /usr/lib/jvm/java-11-oracle/lib/libextnet.so
7f42219ff000-7f4221a03000 ---p 00000000 00:00 0 
7f4221a03000-7f4221d00000 rw-p 00000000 00:00 0 
7f4221d00000-7f4221d04000 ---p 00000000 00:00 0 
7f4221d04000-7f4221e01000 rw-p 00000000 00:00 0 
7f4221e01000-7f4221e05000 ---p 00000000 00:00 0 
7f4221e05000-7f4222102000 rw-p 00000000 00:00 0 
7f4222102000-7f4222107000 r-xp 00000000 08:02 14427945                   /usr/lib/jvm/java-11-oracle/lib/libmanagement_ext.so
7f4222107000-7f4222306000 ---p 00005000 08:02 14427945                   /usr/lib/jvm/java-11-oracle/lib/libmanagement_ext.so
7f4222306000-7f4222307000 r--p 00004000 08:02 14427945                   /usr/lib/jvm/java-11-oracle/lib/libmanagement_ext.so
7f4222307000-7f4222308000 rw-p 00005000 08:02 14427945                   /usr/lib/jvm/java-11-oracle/lib/libmanagement_ext.so
7f4222308000-7f422230c000 r-xp 00000000 08:02 14427943                   /usr/lib/jvm/java-11-oracle/lib/libmanagement.so
7f422230c000-7f422250b000 ---p 00004000 08:02 14427943                   /usr/lib/jvm/java-11-oracle/lib/libmanagement.so
7f422250b000-7f422250c000 r--p 00003000 08:02 14427943                   /usr/lib/jvm/java-11-oracle/lib/libmanagement.so
7f422250c000-7f422250d000 rw-p 00004000 08:02 14427943                   /usr/lib/jvm/java-11-oracle/lib/libmanagement.so
7f422250d000-7f4222511000 ---p 00000000 00:00 0 
7f4222511000-7f422280e000 rw-p 00000000 00:00 0 
7f422280e000-7f422280f000 ---p 00000000 00:00 0 
7f422280f000-7f422290f000 rw-p 00000000 00:00 0 
7f422290f000-7f4222925000 r-xp 00000000 08:02 14427947                   /usr/lib/jvm/java-11-oracle/lib/libnet.so
7f4222925000-7f4222b25000 ---p 00016000 08:02 14427947                   /usr/lib/jvm/java-11-oracle/lib/libnet.so
7f4222b25000-7f4222b26000 r--p 00016000 08:02 14427947                   /usr/lib/jvm/java-11-oracle/lib/libnet.so
7f4222b26000-7f4222b27000 rw-p 00017000 08:02 14427947                   /usr/lib/jvm/java-11-oracle/lib/libnet.so
7f4222b27000-7f4222b37000 r-xp 00000000 08:02 14427948                   /usr/lib/jvm/java-11-oracle/lib/libnio.so
7f4222b37000-7f4222d36000 ---p 00010000 08:02 14427948                   /usr/lib/jvm/java-11-oracle/lib/libnio.so
7f4222d36000-7f4222d37000 r--p 0000f000 08:02 14427948                   /usr/lib/jvm/java-11-oracle/lib/libnio.so
7f4222d37000-7f4222d38000 rw-p 00010000 08:02 14427948                   /usr/lib/jvm/java-11-oracle/lib/libnio.so
7f4222d38000-7f4222d3c000 ---p 00000000 00:00 0 
7f4222d3c000-7f4222e39000 rw-p 00000000 00:00 0 
7f4222e39000-7f4222e3a000 ---p 00000000 00:00 0 
7f4222e3a000-7f4222f3a000 rw-p 00000000 00:00 0 
7f4222f3a000-7f4222f3e000 ---p 00000000 00:00 0 
7f4222f3e000-7f422303b000 rw-p 00000000 00:00 0 
7f422303b000-7f422303f000 ---p 00000000 00:00 0 
7f422303f000-7f422313c000 rw-p 00000000 00:00 0 
7f422313c000-7f4223140000 ---p 00000000 00:00 0 
7f4223140000-7f422323d000 rw-p 00000000 00:00 0 
7f422323d000-7f4223241000 ---p 00000000 00:00 0 
7f4223241000-7f422333e000 rw-p 00000000 00:00 0 
7f422333e000-7f4223342000 ---p 00000000 00:00 0 
7f4223342000-7f422343f000 rw-p 00000000 00:00 0 
7f422343f000-7f4223dfe000 r--p 00000000 08:02 14293812                   /usr/lib/locale/locale-archive
7f4223dfe000-7f4223e02000 ---p 00000000 00:00 0 
7f4223e02000-7f4223eff000 rw-p 00000000 00:00 0 
7f4223eff000-7f4223f03000 ---p 00000000 00:00 0 
7f4223f03000-7f4224000000 rw-p 00000000 00:00 0 
7f4224000000-7f4224021000 rw-p 00000000 00:00 0 
7f4224021000-7f4228000000 ---p 00000000 00:00 0 
7f4228000000-7f42281b4000 rw-p 00000000 00:00 0 
7f42281b4000-7f422c000000 ---p 00000000 00:00 0 
7f422c000000-7f422c021000 rw-p 00000000 00:00 0 
7f422c021000-7f4230000000 ---p 00000000 00:00 0 
7f4230000000-7f4230021000 rw-p 00000000 00:00 0 
7f4230021000-7f4234000000 ---p 00000000 00:00 0 
7f4234000000-7f4234021000 rw-p 00000000 00:00 0 
7f4234021000-7f4238000000 ---p 00000000 00:00 0 
7f4238073000-7f4238074000 ---p 00000000 00:00 0 
7f4238074000-7f423a3ac000 rw-p 00000000 00:00 0 
7f423a3ac000-7f423b128000 ---p 00000000 00:00 0 
7f423b128000-7f423b284000 rw-p 00000000 00:00 0 
7f423b284000-7f423c000000 ---p 00000000 00:00 0 
7f423c000000-7f423c021000 rw-p 00000000 00:00 0 
7f423c021000-7f4240000000 ---p 00000000 00:00 0 
7f424003e000-7f424083e000 rw-p 00000000 00:00 0 
7f424083e000-7f424083f000 ---p 00000000 00:00 0 
7f424083f000-7f424093f000 rw-p 00000000 00:00 0 
7f424093f000-7f4240940000 ---p 00000000 00:00 0 
7f4240940000-7f4240c42000 rw-p 00000000 00:00 0 
7f4240c42000-7f4240eb2000 rwxp 00000000 00:00 0 
7f4240eb2000-7f42411d1000 ---p 00000000 00:00 0 
7f42411d1000-7f42419d1000 rwxp 00000000 00:00 0 
7f42419d1000-7f4248709000 ---p 00000000 00:00 0 
7f4248709000-7f4248979000 rwxp 00000000 00:00 0 
7f4248979000-7f424fc42000 ---p 00000000 00:00 0 
7f424fc42000-7f4258000000 r--s 00000000 08:02 14427958                   /usr/lib/jvm/java-11-oracle/lib/modules
7f4258000000-7f4258897000 rw-p 00000000 00:00 0 
7f4258897000-7f425c000000 ---p 00000000 00:00 0 
7f425c014000-7f425c015000 ---p 00000000 00:00 0 
7f425c015000-7f425c115000 rw-p 00000000 00:00 0 
7f425c115000-7f425c116000 ---p 00000000 00:00 0 
7f425c116000-7f425c242000 rw-p 00000000 00:00 0 
7f425c242000-7f425c3f1000 ---p 00000000 00:00 0 
7f425c3f1000-7f425c41d000 rw-p 00000000 00:00 0 
7f425c41d000-7f425c5cc000 ---p 00000000 00:00 0 
7f425c5cc000-7f425c5f8000 rw-p 00000000 00:00 0 
7f425c5f8000-7f425c7a7000 ---p 00000000 00:00 0 
7f425c7a7000-7f425c9a9000 rw-p 00000000 00:00 0 
7f425c9a9000-7f425c9aa000 ---p 00000000 00:00 0 
7f425c9aa000-7f425caaf000 rw-p 00000000 00:00 0 
7f425caaf000-7f425cb95000 ---p 00000000 00:00 0 
7f425cb95000-7f425cba5000 rw-p 00000000 00:00 0 
7f425cba5000-7f425cc80000 ---p 00000000 00:00 0 
7f425cc80000-7f425cc9b000 r-xp 00000000 08:02 14427939                   /usr/lib/jvm/java-11-oracle/lib/libjimage.so
7f425cc9b000-7f425ce9a000 ---p 0001b000 08:02 14427939                   /usr/lib/jvm/java-11-oracle/lib/libjimage.so
7f425ce9a000-7f425ce9c000 r--p 0001a000 08:02 14427939                   /usr/lib/jvm/java-11-oracle/lib/libjimage.so
7f425ce9c000-7f425ce9d000 rw-p 0001c000 08:02 14427939                   /usr/lib/jvm/java-11-oracle/lib/libjimage.so
7f425ce9d000-7f425cea4000 r-xp 00000000 08:02 14427957                   /usr/lib/jvm/java-11-oracle/lib/libzip.so
7f425cea4000-7f425d0a3000 ---p 00007000 08:02 14427957                   /usr/lib/jvm/java-11-oracle/lib/libzip.so
7f425d0a3000-7f425d0a4000 r--p 00006000 08:02 14427957                   /usr/lib/jvm/java-11-oracle/lib/libzip.so
7f425d0a4000-7f425d0a5000 rw-p 00007000 08:02 14427957                   /usr/lib/jvm/java-11-oracle/lib/libzip.so
7f425d0a5000-7f425d0b0000 r-xp 00000000 08:02 20452011                   /lib/x86_64-linux-gnu/libnss_files-2.23.so
7f425d0b0000-7f425d2af000 ---p 0000b000 08:02 20452011                   /lib/x86_64-linux-gnu/libnss_files-2.23.so
7f425d2af000-7f425d2b0000 r--p 0000a000 08:02 20452011                   /lib/x86_64-linux-gnu/libnss_files-2.23.so
7f425d2b0000-7f425d2b1000 rw-p 0000b000 08:02 20452011                   /lib/x86_64-linux-gnu/libnss_files-2.23.so
7f425d2b1000-7f425d2b7000 rw-p 00000000 00:00 0 
7f425d2b7000-7f425d2c2000 r-xp 00000000 08:02 20452021                   /lib/x86_64-linux-gnu/libnss_nis-2.23.so
7f425d2c2000-7f425d4c1000 ---p 0000b000 08:02 20452021                   /lib/x86_64-linux-gnu/libnss_nis-2.23.so
7f425d4c1000-7f425d4c2000 r--p 0000a000 08:02 20452021                   /lib/x86_64-linux-gnu/libnss_nis-2.23.so
7f425d4c2000-7f425d4c3000 rw-p 0000b000 08:02 20452021                   /lib/x86_64-linux-gnu/libnss_nis-2.23.so
7f425d4c3000-7f425d4d9000 r-xp 00000000 08:02 20452005                   /lib/x86_64-linux-gnu/libnsl-2.23.so
7f425d4d9000-7f425d6d8000 ---p 00016000 08:02 20452005                   /lib/x86_64-linux-gnu/libnsl-2.23.so
7f425d6d8000-7f425d6d9000 r--p 00015000 08:02 20452005                   /lib/x86_64-linux-gnu/libnsl-2.23.so
7f425d6d9000-7f425d6da000 rw-p 00016000 08:02 20452005                   /lib/x86_64-linux-gnu/libnsl-2.23.so
7f425d6da000-7f425d6dc000 rw-p 00000000 00:00 0 
7f425d6dc000-7f425d6e4000 r-xp 00000000 08:02 20452007                   /lib/x86_64-linux-gnu/libnss_compat-2.23.so
7f425d6e4000-7f425d8e3000 ---p 00008000 08:02 20452007                   /lib/x86_64-linux-gnu/libnss_compat-2.23.so
7f425d8e3000-7f425d8e4000 r--p 00007000 08:02 20452007                   /lib/x86_64-linux-gnu/libnss_compat-2.23.so
7f425d8e4000-7f425d8e5000 rw-p 00008000 08:02 20452007                   /lib/x86_64-linux-gnu/libnss_compat-2.23.so
7f425d8e5000-7f425d90e000 r-xp 00000000 08:02 14427935                   /usr/lib/jvm/java-11-oracle/lib/libjava.so
7f425d90e000-7f425db0e000 ---p 00029000 08:02 14427935                   /usr/lib/jvm/java-11-oracle/lib/libjava.so
7f425db0e000-7f425db0f000 r--p 00029000 08:02 14427935                   /usr/lib/jvm/java-11-oracle/lib/libjava.so
7f425db0f000-7f425db11000 rw-p 0002a000 08:02 14427935                   /usr/lib/jvm/java-11-oracle/lib/libjava.so
7f425db11000-7f425db1e000 r-xp 00000000 08:02 14427956                   /usr/lib/jvm/java-11-oracle/lib/libverify.so
7f425db1e000-7f425dd1d000 ---p 0000d000 08:02 14427956                   /usr/lib/jvm/java-11-oracle/lib/libverify.so
7f425dd1d000-7f425dd1f000 r--p 0000c000 08:02 14427956                   /usr/lib/jvm/java-11-oracle/lib/libverify.so
7f425dd1f000-7f425dd20000 rw-p 0000e000 08:02 14427956                   /usr/lib/jvm/java-11-oracle/lib/libverify.so
7f425dd20000-7f425dd27000 r-xp 00000000 08:02 20452066                   /lib/x86_64-linux-gnu/librt-2.23.so
7f425dd27000-7f425df26000 ---p 00007000 08:02 20452066                   /lib/x86_64-linux-gnu/librt-2.23.so
7f425df26000-7f425df27000 r--p 00006000 08:02 20452066                   /lib/x86_64-linux-gnu/librt-2.23.so
7f425df27000-7f425df28000 rw-p 00007000 08:02 20452066                   /lib/x86_64-linux-gnu/librt-2.23.so
7f425df28000-7f425e030000 r-xp 00000000 08:02 20451982                   /lib/x86_64-linux-gnu/libm-2.23.so
7f425e030000-7f425e22f000 ---p 00108000 08:02 20451982                   /lib/x86_64-linux-gnu/libm-2.23.so
7f425e22f000-7f425e230000 r--p 00107000 08:02 20451982                   /lib/x86_64-linux-gnu/libm-2.23.so
7f425e230000-7f425e231000 rw-p 00108000 08:02 20451982                   /lib/x86_64-linux-gnu/libm-2.23.so
7f425e231000-7f425f370000 r-xp 00000000 08:02 14551128                   /usr/lib/jvm/java-11-oracle/lib/server/libjvm.so
7f425f370000-7f425f570000 ---p 0113f000 08:02 14551128                   /usr/lib/jvm/java-11-oracle/lib/server/libjvm.so
7f425f570000-7f425f62f000 r--p 0113f000 08:02 14551128                   /usr/lib/jvm/java-11-oracle/lib/server/libjvm.so
7f425f62f000-7f425f668000 rw-p 011fe000 08:02 14551128                   /usr/lib/jvm/java-11-oracle/lib/server/libjvm.so
7f425f668000-7f425f6be000 rw-p 00000000 00:00 0 
7f425f6be000-7f425f87e000 r-xp 00000000 08:02 20451912                   /lib/x86_64-linux-gnu/libc-2.23.so
7f425f87e000-7f425fa7e000 ---p 001c0000 08:02 20451912                   /lib/x86_64-linux-gnu/libc-2.23.so
7f425fa7e000-7f425fa82000 r--p 001c0000 08:02 20451912                   /lib/x86_64-linux-gnu/libc-2.23.so
7f425fa82000-7f425fa84000 rw-p 001c4000 08:02 20451912                   /lib/x86_64-linux-gnu/libc-2.23.so
7f425fa84000-7f425fa88000 rw-p 00000000 00:00 0 
7f425fa88000-7f425fa8b000 r-xp 00000000 08:02 20451936                   /lib/x86_64-linux-gnu/libdl-2.23.so
7f425fa8b000-7f425fc8a000 ---p 00003000 08:02 20451936                   /lib/x86_64-linux-gnu/libdl-2.23.so
7f425fc8a000-7f425fc8b000 r--p 00002000 08:02 20451936                   /lib/x86_64-linux-gnu/libdl-2.23.so
7f425fc8b000-7f425fc8c000 rw-p 00003000 08:02 20451936                   /lib/x86_64-linux-gnu/libdl-2.23.so
7f425fc8c000-7f425fc9c000 r-xp 00000000 08:02 14427920                   /usr/lib/jvm/java-11-oracle/lib/jli/libjli.so
7f425fc9c000-7f425fe9b000 ---p 00010000 08:02 14427920                   /usr/lib/jvm/java-11-oracle/lib/jli/libjli.so
7f425fe9b000-7f425fe9c000 r--p 0000f000 08:02 14427920                   /usr/lib/jvm/java-11-oracle/lib/jli/libjli.so
7f425fe9c000-7f425fe9d000 rw-p 00010000 08:02 14427920                   /usr/lib/jvm/java-11-oracle/lib/jli/libjli.so
7f425fe9d000-7f425feb5000 r-xp 00000000 08:02 20452058                   /lib/x86_64-linux-gnu/libpthread-2.23.so
7f425feb5000-7f42600b4000 ---p 00018000 08:02 20452058                   /lib/x86_64-linux-gnu/libpthread-2.23.so
7f42600b4000-7f42600b5000 r--p 00017000 08:02 20452058                   /lib/x86_64-linux-gnu/libpthread-2.23.so
7f42600b5000-7f42600b6000 rw-p 00018000 08:02 20452058                   /lib/x86_64-linux-gnu/libpthread-2.23.so
7f42600b6000-7f42600ba000 rw-p 00000000 00:00 0 
7f42600ba000-7f42600d3000 r-xp 00000000 08:02 20452103                   /lib/x86_64-linux-gnu/libz.so.1.2.8
7f42600d3000-7f42602d2000 ---p 00019000 08:02 20452103                   /lib/x86_64-linux-gnu/libz.so.1.2.8
7f42602d2000-7f42602d3000 r--p 00018000 08:02 20452103                   /lib/x86_64-linux-gnu/libz.so.1.2.8
7f42602d3000-7f42602d4000 rw-p 00019000 08:02 20452103                   /lib/x86_64-linux-gnu/libz.so.1.2.8
7f42602d4000-7f42602fa000 r-xp 00000000 08:02 20451884                   /lib/x86_64-linux-gnu/ld-2.23.so
7f426031c000-7f42603d7000 rw-p 00000000 00:00 0 
7f42603d7000-7f42603db000 ---p 00000000 00:00 0 
7f42603db000-7f42604dd000 rw-p 00000000 00:00 0 
7f42604e3000-7f42604e8000 rw-p 00000000 00:00 0 
7f42604e8000-7f42604ef000 ---p 00000000 00:00 0 
7f42604ef000-7f42604f7000 rw-s 00000000 08:02 5899148                    /tmp/hsperfdata_alessandro/23750
7f42604f7000-7f42604f8000 ---p 00000000 00:00 0 
7f42604f8000-7f42604f9000 r--p 00000000 00:00 0 
7f42604f9000-7f42604fa000 r--p 00025000 08:02 20451884                   /lib/x86_64-linux-gnu/ld-2.23.so
7f42604fa000-7f42604fb000 rw-p 00026000 08:02 20451884                   /lib/x86_64-linux-gnu/ld-2.23.so
7f42604fb000-7f42604fc000 rw-p 00000000 00:00 0 
7ffd2589c000-7ffd258bf000 rw-p 00000000 00:00 0                          [stack]
7ffd25974000-7ffd25977000 r--p 00000000 00:00 0                          [vvar]
7ffd25977000-7ffd25979000 r-xp 00000000 00:00 0                          [vdso]
ffffffffff600000-ffffffffff601000 r-xp 00000000 00:00 0                  [vsyscall]


VM Arguments:
jvm_args: -Dfile.encoding=UTF-8 
java_command: com.restaurant.restaurant.RestaurantApplication
java_class_path (initial): /home/alessandro/eclipse-workspace/restaurant/target/classes:/home/alessandro/.m2/repository/org/springframework/boot/spring-boot-starter-data-jpa/2.1.5.RELEASE/spring-boot-starter-data-jpa-2.1.5.RELEASE.jar:/home/alessandro/.m2/repository/org/springframework/boot/spring-boot-starter-aop/2.1.5.RELEASE/spring-boot-starter-aop-2.1.5.RELEASE.jar:/home/alessandro/.m2/repository/org/springframework/spring-aop/5.1.7.RELEASE/spring-aop-5.1.7.RELEASE.jar:/home/alessandro/.m2/repository/org/aspectj/aspectjweaver/1.9.4/aspectjweaver-1.9.4.jar:/home/alessandro/.m2/repository/org/springframework/boot/spring-boot-starter-jdbc/2.1.5.RELEASE/spring-boot-starter-jdbc-2.1.5.RELEASE.jar:/home/alessandro/.m2/repository/com/zaxxer/HikariCP/3.2.0/HikariCP-3.2.0.jar:/home/alessandro/.m2/repository/org/springframework/spring-jdbc/5.1.7.RELEASE/spring-jdbc-5.1.7.RELEASE.jar:/home/alessandro/.m2/repository/javax/transaction/javax.transaction-api/1.3/javax.transaction-api-1.3.jar:/home/alessandro/.m2/repository/javax/xml/bind/jaxb-api/2.3.1/jaxb-api-2.3.1.jar:/home/alessandro/.m2/repository/javax/activation/javax.activation-api/1.2.0/javax.activation-api-1.2.0.jar:/home/alessandro/.m2/repository/org/hibernate/hibernate-core/5.3.10.Final/hibernate-core-5.3.10.Final.jar:/home/alessandro/.m2/repository/org/jboss/logging/jboss-logging/3.3.2.Final/jboss-logging-3.3.2.Final.jar:/home/alessandro/.m2/repository/javax/persistence/javax.persistence-api/2.2/javax.persistence-api-2.2.jar:/home/alessandro/.m2/repository/org/javassist/javassist/3.23.2-GA/javassist-3.23.2-GA.jar:/home/alessandro/.m2/repository/net/bytebuddy/byte-buddy/1.9.12/byte-buddy-1.9.12.jar:/home/alessandro/.m2/repository/antlr/antlr/2.7.7/antlr-2.7.7.jar:/home/alessandro/.m2/repository/org/jboss/jandex/2.0.5.Final/jandex-2.0.5.Final.jar:/home/alessandro/.m2/repository/com/fasterxml/classmate/1.4.0/classmate-1.4.0.jar:/home/alessandro/.m2/repository/org/dom4j/dom4j/2.1.1/dom4j-2.1.1.jar:/home/alessandro/.
Launcher Type: SUN_STANDARD

[Global flags]
     intx CICompilerCount                          = 2                                         {product} {ergonomic}
     uint ConcGCThreads                            = 1                                         {product} {ergonomic}
     uint G1ConcRefinementThreads                  = 2                                         {product} {ergonomic}
   size_t G1HeapRegionSize                         = 1048576                                   {product} {ergonomic}
    uintx GCDrainStackTargetSize                   = 64                                        {product} {ergonomic}
   size_t InitialHeapSize                          = 62914560                                  {product} {ergonomic}
   size_t MarkStackSize                            = 4194304                                   {product} {ergonomic}
   size_t MaxHeapSize                              = 996147200                                 {product} {ergonomic}
   size_t MaxNewSize                               = 597688320                                 {product} {ergonomic}
   size_t MinHeapDeltaBytes                        = 1048576                                   {product} {ergonomic}
    uintx NonNMethodCodeHeapSize                   = 5824844                                {pd product} {ergonomic}
    uintx NonProfiledCodeHeapSize                  = 122916698                              {pd product} {ergonomic}
    uintx ProfiledCodeHeapSize                     = 122916698                              {pd product} {ergonomic}
    uintx ReservedCodeCacheSize                    = 251658240                              {pd product} {ergonomic}
     bool SegmentedCodeCache                       = true                                      {product} {ergonomic}
     bool UseCompressedClassPointers               = true                                 {lp64_product} {ergonomic}
     bool UseCompressedOops                        = true                                 {lp64_product} {ergonomic}
     bool UseG1GC                                  = true                                      {product} {ergonomic}

Logging:
Log output configuration:
 #0: stdout all=warning uptime,level,tags
 #1: stderr all=off uptime,level,tags

Environment Variables:
JAVA_HOME=/usr/lib/jvm/java-11-oracle
PATH=/home/alessandro/bin:/home/alessandro/.local/bin:/usr/local/sbin:/usr/local/bin:/usr/sbin:/usr/bin:/sbin:/bin:/usr/games:/usr/local/games:/snap/bin:/usr/lib/jvm/java-11-oracle/bin:/usr/lib/jvm/java-11-oracle/db/bin
SHELL=/bin/bash
DISPLAY=:0

Signal Handlers:
SIGSEGV: [libjvm.so+0xe2adf0], sa_mask[0]=11111111011111111101111111111110, sa_flags=SA_RESTART|SA_SIGINFO
SIGBUS: [libjvm.so+0xe2adf0], sa_mask[0]=11111111011111111101111111111110, sa_flags=SA_RESTART|SA_SIGINFO
SIGFPE: [libjvm.so+0xe2adf0], sa_mask[0]=11111111011111111101111111111110, sa_flags=SA_RESTART|SA_SIGINFO
SIGPIPE: [libjvm.so+0xbff5b0], sa_mask[0]=11111111011111111101111111111110, sa_flags=SA_RESTART|SA_SIGINFO
SIGXFSZ: [libjvm.so+0xbff5b0], sa_mask[0]=11111111011111111101111111111110, sa_flags=SA_RESTART|SA_SIGINFO
SIGILL: [libjvm.so+0xe2adf0], sa_mask[0]=11111111011111111101111111111110, sa_flags=SA_RESTART|SA_SIGINFO
SIGUSR2: [libjvm.so+0xbff450], sa_mask[0]=00100000000000000000000000000000, sa_flags=SA_RESTART|SA_SIGINFO
SIGHUP: [libjvm.so+0xbff7b0], sa_mask[0]=11111111011111111101111111111110, sa_flags=SA_RESTART|SA_SIGINFO
SIGINT: [libjvm.so+0xbff7b0], sa_mask[0]=11111111011111111101111111111110, sa_flags=SA_RESTART|SA_SIGINFO
SIGTERM: [libjvm.so+0xbff7b0], sa_mask[0]=11111111011111111101111111111110, sa_flags=SA_RESTART|SA_SIGINFO
SIGQUIT: [libjvm.so+0xbff7b0], sa_mask[0]=11111111011111111101111111111110, sa_flags=SA_RESTART|SA_SIGINFO


---------------  S Y S T E M  ---------------

OS:DISTRIB_ID=Ubuntu
DISTRIB_RELEASE=16.04
DISTRIB_CODENAME=xenial
DISTRIB_DESCRIPTION="Ubuntu 16.04.6 LTS"
uname:Linux 4.15.0-48-generic #51~16.04.1-Ubuntu SMP Fri Apr 5 12:01:12 UTC 2019 x86_64
libc:glibc 2.23 NPTL 2.23 
rlimit: STACK 8192k, CORE 0k, NPROC 14846, NOFILE 1048576, AS infinity, DATA infinity, FSIZE infinity
load average:9,35 5,08 3,28

/proc/meminfo:
MemTotal:        3891048 kB
MemFree:          124928 kB
MemAvailable:      38932 kB
Buffers:             580 kB
Cached:           260532 kB
SwapCached:         1328 kB
Active:          2947488 kB
Inactive:         607628 kB
Active(anon):    2928464 kB
Inactive(anon):   585916 kB
Active(file):      19024 kB
Inactive(file):    21712 kB
Unevictable:         112 kB
Mlocked:             112 kB
SwapTotal:        999420 kB
SwapFree:              0 kB
Dirty:               568 kB
Writeback:             0 kB
AnonPages:       3293276 kB
Mapped:           177248 kB
Shmem:            220308 kB
Slab:              83128 kB
SReclaimable:      35460 kB
SUnreclaim:        47668 kB
KernelStack:       15904 kB
PageTables:        64764 kB
NFS_Unstable:          0 kB
Bounce:                0 kB
WritebackTmp:          0 kB
CommitLimit:     2944944 kB
Committed_AS:   10921164 kB
VmallocTotal:   34359738367 kB
VmallocUsed:           0 kB
VmallocChunk:          0 kB
HardwareCorrupted:     0 kB
AnonHugePages:         0 kB
ShmemHugePages:        0 kB
ShmemPmdMapped:        0 kB
CmaTotal:              0 kB
CmaFree:               0 kB
HugePages_Total:       0
HugePages_Free:        0
HugePages_Rsvd:        0
HugePages_Surp:        0
Hugepagesize:       2048 kB
DirectMap4k:      209848 kB
DirectMap2M:     3833856 kB


/proc/sys/kernel/threads-max (system-wide limit on the number of threads):
29692


/proc/sys/vm/max_map_count (maximum number of memory map areas a process may have):
65530


/proc/sys/kernel/pid_max (system-wide limit on number of process identifiers):
32768



container (cgroup) information:
container_type: cgroupv1
cpu_cpuset_cpus: 0-1
cpu_memory_nodes: 0
active_processor_count: 2
cpu_quota: -1
cpu_period: 100000
cpu_shares: -1
memory_limit_in_bytes: -1
memory_and_swap_limit_in_bytes: -2
memory_soft_limit_in_bytes: -1
memory_usage_in_bytes: 3641016320
memory_max_usage_in_bytes: 0


CPU:total 2 (initial active 2) (2 cores per cpu, 1 threads per core) family 6 model 76 stepping 4, cmov, cx8, fxsr, mmx, sse, sse2, sse3, ssse3, sse4.1, sse4.2, popcnt, aes, clmul, erms, 3dnowpref, tsc, tscinvbit
CPU Model and flags from /proc/cpuinfo:
model name	: Intel(R) Celeron(R) CPU  N3060  @ 1.60GHz
flags		: fpu vme de pse tsc msr pae mce cx8 apic sep mtrr pge mca cmov pat pse36 clflush dts acpi mmx fxsr sse sse2 ss ht tm pbe syscall nx rdtscp lm constant_tsc arch_perfmon pebs bts rep_good nopl xtopology tsc_reliable nonstop_tsc cpuid aperfmperf tsc_known_freq pni pclmulqdq dtes64 monitor ds_cpl vmx est tm2 ssse3 cx16 xtpr pdcm sse4_1 sse4_2 movbe popcnt tsc_deadline_timer aes rdrand lahf_lm 3dnowprefetch epb pti tpr_shadow vnmi flexpriority ept vpid tsc_adjust smep erms dtherm ida arat

Memory: 4k page, physical 3891048k(123192k free), swap 999420k(0k free)

vm_info: Java HotSpot(TM) 64-Bit Server VM (11.0.2+9-LTS) for linux-amd64 JRE (11.0.2+9-LTS), built on Jan 17 2019 21:22:50 by "mach5one" with gcc 7.3.0

END.
